<?xml version="1.0" encoding="UTF-8"?>
<testng-results skipped="0" failed="0" total="12" passed="12">
  <reporter-output>
  </reporter-output>
  <suite name="Suite2" duration-ms="61" started-at="2016-03-12T12:38:22Z" finished-at="2016-03-12T12:38:22Z">
    <groups>
      <group name="group2">
        <method signature="Module2Test.display()[pri:0, instance:com.junit.testng2.Module2Test@7a92922]" name="display" class="com.junit.testng2.Module2Test"/>
      </group> <!-- group2 -->
      <group name="group1">
        <method signature="Module3Test.display()[pri:0, instance:com.junit.testng3.Module3Test@77f03bb1]" name="display" class="com.junit.testng3.Module3Test"/>
      </group> <!-- group1 -->
    </groups>
    <test name="Test2" duration-ms="61" started-at="2016-03-12T12:38:22Z" finished-at="2016-03-12T12:38:22Z">
      <class name="com.junit.testng4.NewTest">
        <test-method status="PASS" signature="beforeClass()[pri:0, instance:com.junit.testng4.NewTest@326de728]" name="beforeClass" is-config="true" duration-ms="0" started-at="2016-03-12T18:08:22Z" finished-at="2016-03-12T18:08:22Z">
          <reporter-output>
          </reporter-output>
        </test-method> <!-- beforeClass -->
        <test-method status="PASS" signature="display()[pri:0, instance:com.junit.testng4.NewTest@326de728]" name="display" duration-ms="1" started-at="2016-03-12T18:08:22Z" finished-at="2016-03-12T18:08:22Z">
          <reporter-output>
          </reporter-output>
        </test-method> <!-- display -->
        <test-method status="PASS" signature="beforeMethod()[pri:0, instance:com.junit.testng4.NewTest@326de728]" name="beforeMethod" is-config="true" duration-ms="0" started-at="2016-03-12T18:08:22Z" finished-at="2016-03-12T18:08:22Z">
          <reporter-output>
          </reporter-output>
        </test-method> <!-- beforeMethod -->
        <test-method status="PASS" signature="afterMethod()[pri:0, instance:com.junit.testng4.NewTest@326de728]" name="afterMethod" is-config="true" duration-ms="1" started-at="2016-03-12T18:08:22Z" finished-at="2016-03-12T18:08:22Z">
          <reporter-output>
          </reporter-output>
        </test-method> <!-- afterMethod -->
        <test-method status="PASS" signature="f(java.lang.Integer, java.lang.String)[pri:0, instance:com.junit.testng4.NewTest@326de728]" name="f" duration-ms="1" started-at="2016-03-12T18:08:22Z" data-provider="dp" finished-at="2016-03-12T18:08:22Z">
          <params>
            <param index="0">
              <value>
                <![CDATA[1]]>
              </value>
            </param>
            <param index="1">
              <value>
                <![CDATA[a]]>
              </value>
            </param>
          </params>
          <reporter-output>
          </reporter-output>
        </test-method> <!-- f -->
        <test-method status="PASS" signature="beforeMethod()[pri:0, instance:com.junit.testng4.NewTest@326de728]" name="beforeMethod" is-config="true" duration-ms="0" started-at="2016-03-12T18:08:22Z" finished-at="2016-03-12T18:08:22Z">
          <reporter-output>
          </reporter-output>
        </test-method> <!-- beforeMethod -->
        <test-method status="PASS" signature="afterMethod()[pri:0, instance:com.junit.testng4.NewTest@326de728]" name="afterMethod" is-config="true" duration-ms="0" started-at="2016-03-12T18:08:22Z" finished-at="2016-03-12T18:08:22Z">
          <reporter-output>
          </reporter-output>
        </test-method> <!-- afterMethod -->
        <test-method status="PASS" signature="f(java.lang.Integer, java.lang.String)[pri:0, instance:com.junit.testng4.NewTest@326de728]" name="f" duration-ms="0" started-at="2016-03-12T18:08:22Z" data-provider="dp" finished-at="2016-03-12T18:08:22Z">
          <params>
            <param index="0">
              <value>
                <![CDATA[2]]>
              </value>
            </param>
            <param index="1">
              <value>
                <![CDATA[b]]>
              </value>
            </param>
          </params>
          <reporter-output>
          </reporter-output>
        </test-method> <!-- f -->
        <test-method status="PASS" signature="beforeMethod()[pri:0, instance:com.junit.testng4.NewTest@326de728]" name="beforeMethod" is-config="true" duration-ms="0" started-at="2016-03-12T18:08:22Z" finished-at="2016-03-12T18:08:22Z">
          <reporter-output>
          </reporter-output>
        </test-method> <!-- beforeMethod -->
        <test-method status="PASS" signature="afterMethod()[pri:0, instance:com.junit.testng4.NewTest@326de728]" name="afterMethod" is-config="true" duration-ms="0" started-at="2016-03-12T18:08:22Z" finished-at="2016-03-12T18:08:22Z">
          <reporter-output>
          </reporter-output>
        </test-method> <!-- afterMethod -->
        <test-method status="PASS" signature="afterClass()[pri:0, instance:com.junit.testng4.NewTest@326de728]" name="afterClass" is-config="true" duration-ms="0" started-at="2016-03-12T18:08:22Z" finished-at="2016-03-12T18:08:22Z">
          <reporter-output>
          </reporter-output>
        </test-method> <!-- afterClass -->
      </class> <!-- com.junit.testng4.NewTest -->
      <class name="com.junit.testng2.Module2Test">
        <test-method status="PASS" signature="beforeClass()[pri:0, instance:com.junit.testng2.Module2Test@7a92922]" name="beforeClass" is-config="true" duration-ms="0" started-at="2016-03-12T18:08:22Z" finished-at="2016-03-12T18:08:22Z">
          <reporter-output>
          </reporter-output>
        </test-method> <!-- beforeClass -->
        <test-method status="PASS" signature="beforeMethod()[pri:0, instance:com.junit.testng2.Module2Test@7a92922]" name="beforeMethod" is-config="true" duration-ms="0" started-at="2016-03-12T18:08:22Z" finished-at="2016-03-12T18:08:22Z">
          <reporter-output>
          </reporter-output>
        </test-method> <!-- beforeMethod -->
        <test-method status="PASS" signature="display()[pri:0, instance:com.junit.testng2.Module2Test@7a92922]" name="display" duration-ms="1" started-at="2016-03-12T18:08:22Z" finished-at="2016-03-12T18:08:22Z">
          <reporter-output>
          </reporter-output>
        </test-method> <!-- display -->
        <test-method status="PASS" signature="afterMethod()[pri:0, instance:com.junit.testng2.Module2Test@7a92922]" name="afterMethod" is-config="true" duration-ms="1" started-at="2016-03-12T18:08:22Z" finished-at="2016-03-12T18:08:22Z">
          <reporter-output>
          </reporter-output>
        </test-method> <!-- afterMethod -->
        <test-method status="PASS" signature="beforeMethod()[pri:0, instance:com.junit.testng2.Module2Test@7a92922]" name="beforeMethod" is-config="true" duration-ms="0" started-at="2016-03-12T18:08:22Z" finished-at="2016-03-12T18:08:22Z">
          <reporter-output>
          </reporter-output>
        </test-method> <!-- beforeMethod -->
        <test-method status="PASS" signature="f(java.lang.Integer, java.lang.String)[pri:0, instance:com.junit.testng2.Module2Test@7a92922]" name="f" duration-ms="1" started-at="2016-03-12T18:08:22Z" data-provider="dp" finished-at="2016-03-12T18:08:22Z">
          <params>
            <param index="0">
              <value>
                <![CDATA[1]]>
              </value>
            </param>
            <param index="1">
              <value>
                <![CDATA[a]]>
              </value>
            </param>
          </params>
          <reporter-output>
          </reporter-output>
        </test-method> <!-- f -->
        <test-method status="PASS" signature="afterMethod()[pri:0, instance:com.junit.testng2.Module2Test@7a92922]" name="afterMethod" is-config="true" duration-ms="1" started-at="2016-03-12T18:08:22Z" finished-at="2016-03-12T18:08:22Z">
          <reporter-output>
          </reporter-output>
        </test-method> <!-- afterMethod -->
        <test-method status="PASS" signature="beforeMethod()[pri:0, instance:com.junit.testng2.Module2Test@7a92922]" name="beforeMethod" is-config="true" duration-ms="0" started-at="2016-03-12T18:08:22Z" finished-at="2016-03-12T18:08:22Z">
          <reporter-output>
          </reporter-output>
        </test-method> <!-- beforeMethod -->
        <test-method status="PASS" signature="f(java.lang.Integer, java.lang.String)[pri:0, instance:com.junit.testng2.Module2Test@7a92922]" name="f" duration-ms="1" started-at="2016-03-12T18:08:22Z" data-provider="dp" finished-at="2016-03-12T18:08:22Z">
          <params>
            <param index="0">
              <value>
                <![CDATA[2]]>
              </value>
            </param>
            <param index="1">
              <value>
                <![CDATA[b]]>
              </value>
            </param>
          </params>
          <reporter-output>
          </reporter-output>
        </test-method> <!-- f -->
        <test-method status="PASS" signature="afterMethod()[pri:0, instance:com.junit.testng2.Module2Test@7a92922]" name="afterMethod" is-config="true" duration-ms="1" started-at="2016-03-12T18:08:22Z" finished-at="2016-03-12T18:08:22Z">
          <reporter-output>
          </reporter-output>
        </test-method> <!-- afterMethod -->
        <test-method status="PASS" signature="afterClass()[pri:0, instance:com.junit.testng2.Module2Test@7a92922]" name="afterClass" is-config="true" duration-ms="1" started-at="2016-03-12T18:08:22Z" finished-at="2016-03-12T18:08:22Z">
          <reporter-output>
          </reporter-output>
        </test-method> <!-- afterClass -->
      </class> <!-- com.junit.testng2.Module2Test -->
      <class name="com.junit.testng.Module2Test">
        <test-method status="PASS" signature="beforeSuite()[pri:0, instance:com.junit.testng.Module2Test@25618e91]" name="beforeSuite" is-config="true" duration-ms="15" started-at="2016-03-12T18:08:22Z" finished-at="2016-03-12T18:08:22Z">
          <reporter-output>
          </reporter-output>
        </test-method> <!-- beforeSuite -->
        <test-method status="PASS" signature="beforeSuite()[pri:0, instance:com.junit.testng2.Module2Test@7a92922]" name="beforeSuite" is-config="true" duration-ms="0" started-at="2016-03-12T18:08:22Z" finished-at="2016-03-12T18:08:22Z">
          <reporter-output>
          </reporter-output>
        </test-method> <!-- beforeSuite -->
        <test-method status="PASS" signature="beforeSuite()[pri:0, instance:com.junit.testng3.Module3Test@77f03bb1]" name="beforeSuite" is-config="true" duration-ms="0" started-at="2016-03-12T18:08:22Z" finished-at="2016-03-12T18:08:22Z">
          <reporter-output>
          </reporter-output>
        </test-method> <!-- beforeSuite -->
        <test-method status="PASS" signature="beforeSuite()[pri:0, instance:com.junit.testng4.NewTest@326de728]" name="beforeSuite" is-config="true" duration-ms="0" started-at="2016-03-12T18:08:22Z" finished-at="2016-03-12T18:08:22Z">
          <reporter-output>
          </reporter-output>
        </test-method> <!-- beforeSuite -->
        <test-method status="PASS" signature="beforeTest()[pri:0, instance:com.junit.testng3.Module3Test@77f03bb1]" name="beforeTest" is-config="true" duration-ms="0" started-at="2016-03-12T18:08:22Z" finished-at="2016-03-12T18:08:22Z">
          <reporter-output>
          </reporter-output>
        </test-method> <!-- beforeTest -->
        <test-method status="PASS" signature="beforeTest()[pri:0, instance:com.junit.testng4.NewTest@326de728]" name="beforeTest" is-config="true" duration-ms="0" started-at="2016-03-12T18:08:22Z" finished-at="2016-03-12T18:08:22Z">
          <reporter-output>
          </reporter-output>
        </test-method> <!-- beforeTest -->
        <test-method status="PASS" signature="beforeTest()[pri:0, instance:com.junit.testng2.Module2Test@7a92922]" name="beforeTest" is-config="true" duration-ms="0" started-at="2016-03-12T18:08:22Z" finished-at="2016-03-12T18:08:22Z">
          <reporter-output>
          </reporter-output>
        </test-method> <!-- beforeTest -->
        <test-method status="PASS" signature="beforeTest()[pri:0, instance:com.junit.testng.Module2Test@25618e91]" name="beforeTest" is-config="true" duration-ms="0" started-at="2016-03-12T18:08:22Z" finished-at="2016-03-12T18:08:22Z">
          <reporter-output>
          </reporter-output>
        </test-method> <!-- beforeTest -->
        <test-method status="PASS" signature="beforeClass()[pri:0, instance:com.junit.testng.Module2Test@25618e91]" name="beforeClass" is-config="true" duration-ms="0" started-at="2016-03-12T18:08:22Z" finished-at="2016-03-12T18:08:22Z">
          <reporter-output>
          </reporter-output>
        </test-method> <!-- beforeClass -->
        <test-method status="PASS" signature="beforeMethod()[pri:0, instance:com.junit.testng.Module2Test@25618e91]" name="beforeMethod" is-config="true" duration-ms="0" started-at="2016-03-12T18:08:22Z" finished-at="2016-03-12T18:08:22Z">
          <reporter-output>
          </reporter-output>
        </test-method> <!-- beforeMethod -->
        <test-method status="PASS" signature="display()[pri:0, instance:com.junit.testng.Module2Test@25618e91]" name="display" duration-ms="1" started-at="2016-03-12T18:08:22Z" finished-at="2016-03-12T18:08:22Z">
          <reporter-output>
          </reporter-output>
        </test-method> <!-- display -->
        <test-method status="PASS" signature="afterMethod()[pri:0, instance:com.junit.testng.Module2Test@25618e91]" name="afterMethod" is-config="true" duration-ms="0" started-at="2016-03-12T18:08:22Z" finished-at="2016-03-12T18:08:22Z">
          <reporter-output>
          </reporter-output>
        </test-method> <!-- afterMethod -->
        <test-method status="PASS" signature="f(java.lang.Integer, java.lang.String)[pri:0, instance:com.junit.testng.Module2Test@25618e91]" name="f" duration-ms="1" started-at="2016-03-12T18:08:22Z" data-provider="dp" finished-at="2016-03-12T18:08:22Z">
          <params>
            <param index="0">
              <value>
                <![CDATA[1]]>
              </value>
            </param>
            <param index="1">
              <value>
                <![CDATA[a]]>
              </value>
            </param>
          </params>
          <reporter-output>
          </reporter-output>
        </test-method> <!-- f -->
        <test-method status="PASS" signature="beforeMethod()[pri:0, instance:com.junit.testng.Module2Test@25618e91]" name="beforeMethod" is-config="true" duration-ms="0" started-at="2016-03-12T18:08:22Z" finished-at="2016-03-12T18:08:22Z">
          <reporter-output>
          </reporter-output>
        </test-method> <!-- beforeMethod -->
        <test-method status="PASS" signature="afterMethod()[pri:0, instance:com.junit.testng.Module2Test@25618e91]" name="afterMethod" is-config="true" duration-ms="1" started-at="2016-03-12T18:08:22Z" finished-at="2016-03-12T18:08:22Z">
          <reporter-output>
          </reporter-output>
        </test-method> <!-- afterMethod -->
        <test-method status="PASS" signature="beforeMethod()[pri:0, instance:com.junit.testng.Module2Test@25618e91]" name="beforeMethod" is-config="true" duration-ms="7" started-at="2016-03-12T18:08:22Z" finished-at="2016-03-12T18:08:22Z">
          <reporter-output>
          </reporter-output>
        </test-method> <!-- beforeMethod -->
        <test-method status="PASS" signature="f(java.lang.Integer, java.lang.String)[pri:0, instance:com.junit.testng.Module2Test@25618e91]" name="f" duration-ms="0" started-at="2016-03-12T18:08:22Z" data-provider="dp" finished-at="2016-03-12T18:08:22Z">
          <params>
            <param index="0">
              <value>
                <![CDATA[2]]>
              </value>
            </param>
            <param index="1">
              <value>
                <![CDATA[b]]>
              </value>
            </param>
          </params>
          <reporter-output>
          </reporter-output>
        </test-method> <!-- f -->
        <test-method status="PASS" signature="afterClass()[pri:0, instance:com.junit.testng.Module2Test@25618e91]" name="afterClass" is-config="true" duration-ms="0" started-at="2016-03-12T18:08:22Z" finished-at="2016-03-12T18:08:22Z">
          <reporter-output>
          </reporter-output>
        </test-method> <!-- afterClass -->
        <test-method status="PASS" signature="afterMethod()[pri:0, instance:com.junit.testng.Module2Test@25618e91]" name="afterMethod" is-config="true" duration-ms="0" started-at="2016-03-12T18:08:22Z" finished-at="2016-03-12T18:08:22Z">
          <reporter-output>
          </reporter-output>
        </test-method> <!-- afterMethod -->
        <test-method status="PASS" signature="afterTest()[pri:0, instance:com.junit.testng2.Module2Test@7a92922]" name="afterTest" is-config="true" duration-ms="1" started-at="2016-03-12T18:08:22Z" finished-at="2016-03-12T18:08:22Z">
          <reporter-output>
          </reporter-output>
        </test-method> <!-- afterTest -->
        <test-method status="PASS" signature="afterTest()[pri:0, instance:com.junit.testng.Module2Test@25618e91]" name="afterTest" is-config="true" duration-ms="0" started-at="2016-03-12T18:08:22Z" finished-at="2016-03-12T18:08:22Z">
          <reporter-output>
          </reporter-output>
        </test-method> <!-- afterTest -->
        <test-method status="PASS" signature="afterTest()[pri:0, instance:com.junit.testng4.NewTest@326de728]" name="afterTest" is-config="true" duration-ms="0" started-at="2016-03-12T18:08:22Z" finished-at="2016-03-12T18:08:22Z">
          <reporter-output>
          </reporter-output>
        </test-method> <!-- afterTest -->
        <test-method status="PASS" signature="afterTest()[pri:0, instance:com.junit.testng3.Module3Test@77f03bb1]" name="afterTest" is-config="true" duration-ms="0" started-at="2016-03-12T18:08:22Z" finished-at="2016-03-12T18:08:22Z">
          <reporter-output>
          </reporter-output>
        </test-method> <!-- afterTest -->
        <test-method status="PASS" signature="afterSuite()[pri:0, instance:com.junit.testng.Module2Test@25618e91]" name="afterSuite" is-config="true" duration-ms="0" started-at="2016-03-12T18:08:22Z" finished-at="2016-03-12T18:08:22Z">
          <reporter-output>
          </reporter-output>
        </test-method> <!-- afterSuite -->
        <test-method status="PASS" signature="afterSuite()[pri:0, instance:com.junit.testng3.Module3Test@77f03bb1]" name="afterSuite" is-config="true" duration-ms="0" started-at="2016-03-12T18:08:22Z" finished-at="2016-03-12T18:08:22Z">
          <reporter-output>
          </reporter-output>
        </test-method> <!-- afterSuite -->
        <test-method status="PASS" signature="afterSuite()[pri:0, instance:com.junit.testng2.Module2Test@7a92922]" name="afterSuite" is-config="true" duration-ms="0" started-at="2016-03-12T18:08:22Z" finished-at="2016-03-12T18:08:22Z">
          <reporter-output>
          </reporter-output>
        </test-method> <!-- afterSuite -->
        <test-method status="PASS" signature="afterSuite()[pri:0, instance:com.junit.testng4.NewTest@326de728]" name="afterSuite" is-config="true" duration-ms="0" started-at="2016-03-12T18:08:22Z" finished-at="2016-03-12T18:08:22Z">
          <reporter-output>
          </reporter-output>
        </test-method> <!-- afterSuite -->
      </class> <!-- com.junit.testng.Module2Test -->
      <class name="com.junit.testng3.Module3Test">
        <test-method status="PASS" signature="beforeClass()[pri:0, instance:com.junit.testng3.Module3Test@77f03bb1]" name="beforeClass" is-config="true" duration-ms="0" started-at="2016-03-12T18:08:22Z" finished-at="2016-03-12T18:08:22Z">
          <reporter-output>
          </reporter-output>
        </test-method> <!-- beforeClass -->
        <test-method status="PASS" signature="beforeMethod()[pri:0, instance:com.junit.testng3.Module3Test@77f03bb1]" name="beforeMethod" is-config="true" duration-ms="0" started-at="2016-03-12T18:08:22Z" finished-at="2016-03-12T18:08:22Z">
          <reporter-output>
          </reporter-output>
        </test-method> <!-- beforeMethod -->
        <test-method status="PASS" signature="display()[pri:0, instance:com.junit.testng3.Module3Test@77f03bb1]" name="display" duration-ms="7" started-at="2016-03-12T18:08:22Z" finished-at="2016-03-12T18:08:22Z">
          <reporter-output>
          </reporter-output>
        </test-method> <!-- display -->
        <test-method status="PASS" signature="afterMethod()[pri:0, instance:com.junit.testng3.Module3Test@77f03bb1]" name="afterMethod" is-config="true" duration-ms="0" started-at="2016-03-12T18:08:22Z" finished-at="2016-03-12T18:08:22Z">
          <reporter-output>
          </reporter-output>
        </test-method> <!-- afterMethod -->
        <test-method status="PASS" signature="f(java.lang.Integer, java.lang.String)[pri:0, instance:com.junit.testng3.Module3Test@77f03bb1]" name="f" duration-ms="1" started-at="2016-03-12T18:08:22Z" data-provider="dp" finished-at="2016-03-12T18:08:22Z">
          <params>
            <param index="0">
              <value>
                <![CDATA[1]]>
              </value>
            </param>
            <param index="1">
              <value>
                <![CDATA[a]]>
              </value>
            </param>
          </params>
          <reporter-output>
          </reporter-output>
        </test-method> <!-- f -->
        <test-method status="PASS" signature="beforeMethod()[pri:0, instance:com.junit.testng3.Module3Test@77f03bb1]" name="beforeMethod" is-config="true" duration-ms="0" started-at="2016-03-12T18:08:22Z" finished-at="2016-03-12T18:08:22Z">
          <reporter-output>
          </reporter-output>
        </test-method> <!-- beforeMethod -->
        <test-method status="PASS" signature="afterMethod()[pri:0, instance:com.junit.testng3.Module3Test@77f03bb1]" name="afterMethod" is-config="true" duration-ms="1" started-at="2016-03-12T18:08:22Z" finished-at="2016-03-12T18:08:22Z">
          <reporter-output>
          </reporter-output>
        </test-method> <!-- afterMethod -->
        <test-method status="PASS" signature="f(java.lang.Integer, java.lang.String)[pri:0, instance:com.junit.testng3.Module3Test@77f03bb1]" name="f" duration-ms="0" started-at="2016-03-12T18:08:22Z" data-provider="dp" finished-at="2016-03-12T18:08:22Z">
          <params>
            <param index="0">
              <value>
                <![CDATA[2]]>
              </value>
            </param>
            <param index="1">
              <value>
                <![CDATA[b]]>
              </value>
            </param>
          </params>
          <reporter-output>
          </reporter-output>
        </test-method> <!-- f -->
        <test-method status="PASS" signature="beforeMethod()[pri:0, instance:com.junit.testng3.Module3Test@77f03bb1]" name="beforeMethod" is-config="true" duration-ms="0" started-at="2016-03-12T18:08:22Z" finished-at="2016-03-12T18:08:22Z">
          <reporter-output>
          </reporter-output>
        </test-method> <!-- beforeMethod -->
        <test-method status="PASS" signature="afterMethod()[pri:0, instance:com.junit.testng3.Module3Test@77f03bb1]" name="afterMethod" is-config="true" duration-ms="0" started-at="2016-03-12T18:08:22Z" finished-at="2016-03-12T18:08:22Z">
          <reporter-output>
          </reporter-output>
        </test-method> <!-- afterMethod -->
        <test-method status="PASS" signature="afterClass()[pri:0, instance:com.junit.testng3.Module3Test@77f03bb1]" name="afterClass" is-config="true" duration-ms="0" started-at="2016-03-12T18:08:22Z" finished-at="2016-03-12T18:08:22Z">
          <reporter-output>
          </reporter-output>
        </test-method> <!-- afterClass -->
      </class> <!-- com.junit.testng3.Module3Test -->
    </test> <!-- Test2 -->
  </suite> <!-- Suite2 -->
</testng-results>
