<?xml version="1.0" encoding="UTF-8"?>
<!-- Generated by org.testng.reporters.JUnitXMLReporter -->
<testsuite hostname="saumya" name="Default test" tests="3" failures="0" timestamp="11 Mar 2016 13:02:51 GMT" time="0.032" errors="0">
  <testcase name="display" time="0.009" classname="com.junit.testng.Module2Test"/>
  <testcase name="f" time="0.001" classname="com.junit.testng.Module2Test"/>
  <testcase name="f" time="0.001" classname="com.junit.testng.Module2Test"/>
</testsuite> <!-- Default test -->
