<?xml version="1.0" encoding="UTF-8"?>
<!-- Generated by org.testng.reporters.JUnitXMLReporter -->
<testsuite hostname="saumya" name="Test2" tests="12" failures="0" timestamp="12 Mar 2016 12:38:22 GMT" time="0.061" errors="0">
  <testcase name="display" time="0.007" classname="com.junit.testng3.Module3Test"/>
  <testcase name="f" time="0.001" classname="com.junit.testng3.Module3Test"/>
  <testcase name="f" time="0.0" classname="com.junit.testng3.Module3Test"/>
  <testcase name="display" time="0.001" classname="com.junit.testng4.NewTest"/>
  <testcase name="f" time="0.001" classname="com.junit.testng4.NewTest"/>
  <testcase name="f" time="0.0" classname="com.junit.testng4.NewTest"/>
  <testcase name="display" time="0.001" classname="com.junit.testng.Module2Test"/>
  <testcase name="f" time="0.001" classname="com.junit.testng.Module2Test"/>
  <testcase name="f" time="0.0" classname="com.junit.testng.Module2Test"/>
  <testcase name="display" time="0.001" classname="com.junit.testng2.Module2Test"/>
  <testcase name="f" time="0.001" classname="com.junit.testng2.Module2Test"/>
  <testcase name="f" time="0.001" classname="com.junit.testng2.Module2Test"/>
</testsuite> <!-- Test2 -->
